[0.025s] Invoking command in '/home/hhd/legdet_ws/build/leg_detector_msgs': CMAKE_PREFIX_PATH=${CMAKE_PREFIX_PATH}:/home/hhd/drl_ros2/turtlebot3_drlnav/install/turtlebot3_drl:/home/hhd/.ros2_ws/install/qr_track_alvar:/opt/ros/galactic CONDA_PROMPT_MODIFIER=(peopleros2) /usr/bin/cmake --build /home/hhd/legdet_ws/build/leg_detector_msgs -- -j12 -l12
[0.057s] -- Found ament_cmake: 1.1.6 (/opt/ros/galactic/share/ament_cmake/cmake)
[0.083s] -- Found PythonInterp: /usr/bin/python3 (found suitable version "3.8.10", minimum required is "3") 
[0.083s] -- Using PYTHON_EXECUTABLE: /usr/bin/python3
[0.145s] -- Found rosidl_default_generators: 1.1.1 (/opt/ros/galactic/share/rosidl_default_generators/cmake)
[0.147s] -- Using all available rosidl_typesupport_c: rosidl_typesupport_fastrtps_c;rosidl_typesupport_introspection_c
[0.150s] -- Found rosidl_adapter: 2.2.3 (/opt/ros/galactic/share/rosidl_adapter/cmake)
[0.294s] -- Using all available rosidl_typesupport_cpp: rosidl_typesupport_fastrtps_cpp;rosidl_typesupport_introspection_cpp
[0.313s] -- Found geometry_msgs: 2.2.4 (/opt/ros/galactic/share/geometry_msgs/cmake)
[0.409s] -- Found PythonInterp: /usr/bin/python3 (found version "3.8.10") 
[0.592s] CMake Error at /opt/ros/galactic/share/rosidl_adapter/cmake/rosidl_adapt_interfaces.cmake:60 (message):
[0.592s]   execute_process(/usr/bin/python3 -m rosidl_adapter --package-name
[0.592s]   leg_detector_msgs --arguments-file
[0.592s]   /home/hhd/legdet_ws/build/leg_detector_msgs/rosidl_adapter__arguments__leg_detector_msgs.json
[0.592s]   --output-dir
[0.592s]   /home/hhd/legdet_ws/build/leg_detector_msgs/rosidl_adapter/leg_detector_msgs
[0.593s]   --output-file
[0.593s]   /home/hhd/legdet_ws/build/leg_detector_msgs/rosidl_adapter/leg_detector_msgs.idls)
[0.593s]   returned error code 1:
[0.593s] 
[0.593s]   Error processing 'float v_x' of 'leg_detector_msgs/Person': ''float' is an
[0.593s]   invalid message name.  It should have the pattern '^[A-Z][A-Za-z0-9]*$''
[0.594s] 
[0.594s]   Traceback (most recent call last):
[0.594s] 
[0.594s]     File "/usr/lib/python3.8/runpy.py", line 194, in _run_module_as_main
[0.594s]       return _run_code(code, main_globals, None,
[0.594s]     File "/usr/lib/python3.8/runpy.py", line 87, in _run_code
[0.594s]       exec(code, run_globals)
[0.595s]     File "/opt/ros/galactic/lib/python3.8/site-packages/rosidl_adapter/__main__.py", line 19, in <module>
[0.595s]       sys.exit(main())
[0.595s]     File "/opt/ros/galactic/lib/python3.8/site-packages/rosidl_adapter/main.py", line 53, in main
[0.595s]       abs_idl_file = convert_to_idl(
[0.595s]     File "/opt/ros/galactic/lib/python3.8/site-packages/rosidl_adapter/__init__.py", line 19, in convert_to_idl
[0.595s]       return convert_msg_to_idl(
[0.595s]     File "/opt/ros/galactic/lib/python3.8/site-packages/rosidl_adapter/msg/__init__.py", line 28, in convert_msg_to_idl
[0.595s]       msg = parse_message_string(package_name, input_file.stem, content)
[0.596s]     File "/opt/ros/galactic/lib/python3.8/site-packages/rosidl_adapter/parser.py", line 516, in parse_message_string
[0.596s]       Type(type_string, context_package_name=pkg_name),
[0.596s]     File "/opt/ros/galactic/lib/python3.8/site-packages/rosidl_adapter/parser.py", line 276, in __init__
[0.596s]       super(Type, self).__init__(
[0.596s]     File "/opt/ros/galactic/lib/python3.8/site-packages/rosidl_adapter/parser.py", line 204, in __init__
[0.596s]       raise InvalidResourceName(
[0.596s] 
[0.596s]   rosidl_adapter.parser.InvalidResourceName: 'float' is an invalid message
[0.597s]   name.  It should have the pattern '^[A-Z][A-Za-z0-9]*$'
[0.597s] 
[0.597s] Call Stack (most recent call first):
[0.597s]   /opt/ros/galactic/share/rosidl_cmake/cmake/rosidl_generate_interfaces.cmake:130 (rosidl_adapt_interfaces)
[0.597s]   CMakeLists.txt:20 (rosidl_generate_interfaces)
[0.597s] 
[0.597s] 
[0.597s] -- Configuring incomplete, errors occurred!
[0.598s] See also "/home/hhd/legdet_ws/build/leg_detector_msgs/CMakeFiles/CMakeOutput.log".
[0.601s] make: *** [Makefile:1468：cmake_check_build_system] 错误 1
[0.604s] Invoked command in '/home/hhd/legdet_ws/build/leg_detector_msgs' returned '2': CMAKE_PREFIX_PATH=${CMAKE_PREFIX_PATH}:/home/hhd/drl_ros2/turtlebot3_drlnav/install/turtlebot3_drl:/home/hhd/.ros2_ws/install/qr_track_alvar:/opt/ros/galactic CONDA_PROMPT_MODIFIER=(peopleros2) /usr/bin/cmake --build /home/hhd/legdet_ws/build/leg_detector_msgs -- -j12 -l12
